Determining if the include file stddef.h exists failed with the following output:
Change Dir: D:/Users/26097970/Desktop/ESP_OTA/enesvs/esp32_ota_studies/currentRead_acs712/build/CMakeFiles/CMakeTmp

Run Build Command(s):C:/Users/26097970/Espressif/tools/ninja/1.10.2/ninja.exe cmTC_f1c4a && ninja: error: unknown target 'cmTC_f1c4a'



Determining if the include file sys/types.h exists failed with the following output:
Change Dir: D:/Users/26097970/Desktop/ESP_OTA/enesvs/esp32_ota_studies/currentRead_acs712/build/CMakeFiles/CMakeTmp

Run Build Command(s):C:/Users/26097970/Espressif/tools/ninja/1.10.2/ninja.exe cmTC_5b689 && ninja: error: loading 'build.ninja': The system cannot find the file specified.




